Using pre-set license
Built from '2020.3/staging' branch; Version is '2020.3.21f1 (a38c86f6690f) revision 10718342'; Using compiler version '192528614'; Build Type 'Release'
OS: 'Windows 10 Home Single Language; OS build 19043.1288; Version 2009; 64bit' Language: 'en' Physical Memory: 16155 MB
BatchMode: 1, IsHumanControllingUs: 0, StartBugReporterOnCrash: 0, Is64bit: 1, IsPro: 0

COMMAND LINE ARGUMENTS:
C:\Program Files\Unity\Hub\Editor\2020.3.21f1\Editor\Unity.exe
-adb2
-batchMode
-noUpm
-name
AssetImportWorker0
-projectPath
D:/Myntra Hackerramp 2022/My Noodling Space
-logFile
Logs/AssetImportWorker0.log
-srvPort
65452
Successfully changed project path to: D:/Myntra Hackerramp 2022/My Noodling Space
D:/Myntra Hackerramp 2022/My Noodling Space
Using Asset Import Pipeline V2.
Refreshing native plugins compatible for Editor in 28.43 ms, found 2 plugins.
Preloading 0 native plugins for Editor in 0.00 ms.
Initialize engine version: 2020.3.21f1 (a38c86f6690f)
[Subsystems] Discovering subsystems at path C:/Program Files/Unity/Hub/Editor/2020.3.21f1/Editor/Data/Resources/UnitySubsystems
[Subsystems] Discovering subsystems at path D:/Myntra Hackerramp 2022/My Noodling Space/Assets
GfxDevice: creating device client; threaded=0
Direct3D:
    Version:  Direct3D 11.0 [level 11.1]
    Renderer: NVIDIA GeForce GTX 1650 Ti (ID=0x1f95)
    Vendor:   
    VRAM:     3962 MB
    Driver:   30.0.14.7196
Initialize mono
Mono path[0] = 'C:/Program Files/Unity/Hub/Editor/2020.3.21f1/Editor/Data/Managed'
Mono path[1] = 'C:/Program Files/Unity/Hub/Editor/2020.3.21f1/Editor/Data/MonoBleedingEdge/lib/mono/unityjit'
Mono config path = 'C:/Program Files/Unity/Hub/Editor/2020.3.21f1/Editor/Data/MonoBleedingEdge/etc'
Using monoOptions --debugger-agent=transport=dt_socket,embedding=1,server=y,suspend=n,address=127.0.0.1:56112
Begin MonoManager ReloadAssembly
Registering precompiled unity dll's ...
Register platform support module: C:/Program Files/Unity/Hub/Editor/2020.3.21f1/Editor/Data/PlaybackEngines/WindowsStandaloneSupport/UnityEditor.WindowsStandalone.Extensions.dll
Registered in 0.001602 seconds.
Native extension for WindowsStandalone target not found
Refreshing native plugins compatible for Editor in 27.74 ms, found 2 plugins.
Preloading 0 native plugins for Editor in 0.00 ms.
Mono: successfully reloaded assembly
- Completed reload, in  0.913 seconds
Domain Reload Profiling:
	ReloadAssembly (913ms)
		BeginReloadAssembly (46ms)
			ExecutionOrderSort (0ms)
			DisableScriptedObjects (0ms)
			BackupInstance (0ms)
			ReleaseScriptingObjects (0ms)
			CreateAndSetChildDomain (1ms)
		EndReloadAssembly (386ms)
			LoadAssemblies (44ms)
			RebuildTransferFunctionScriptingTraits (0ms)
			SetupTypeCache (136ms)
			ReleaseScriptCaches (0ms)
			RebuildScriptCaches (26ms)
			SetupLoadedEditorAssemblies (138ms)
				LogAssemblyErrors (0ms)
				InitializePlatformSupportModulesInManaged (3ms)
				SetLoadedEditorAssemblies (0ms)
				RefreshPlugins (28ms)
				BeforeProcessingInitializeOnLoad (7ms)
				ProcessInitializeOnLoadAttributes (72ms)
				ProcessInitializeOnLoadMethodAttributes (27ms)
				AfterProcessingInitializeOnLoad (0ms)
				EditorAssembliesLoaded (0ms)
			ExecutionOrderSort2 (0ms)
			AwakeInstancesAfterBackupRestoration (0ms)
Platform modules already initialized, skipping
Registering precompiled user dll's ...
Registered in 0.002970 seconds.
Begin MonoManager ReloadAssembly
Native extension for WindowsStandalone target not found
Refreshing native plugins compatible for Editor in 0.30 ms, found 2 plugins.
Preloading 0 native plugins for Editor in 0.00 ms.
Mono: successfully reloaded assembly
- Completed reload, in  0.895 seconds
Domain Reload Profiling:
	ReloadAssembly (896ms)
		BeginReloadAssembly (131ms)
			ExecutionOrderSort (0ms)
			DisableScriptedObjects (4ms)
			BackupInstance (0ms)
			ReleaseScriptingObjects (0ms)
			CreateAndSetChildDomain (16ms)
		EndReloadAssembly (709ms)
			LoadAssemblies (76ms)
			RebuildTransferFunctionScriptingTraits (0ms)
			SetupTypeCache (257ms)
			ReleaseScriptCaches (0ms)
			RebuildScriptCaches (38ms)
			SetupLoadedEditorAssemblies (256ms)
				LogAssemblyErrors (0ms)
				InitializePlatformSupportModulesInManaged (4ms)
				SetLoadedEditorAssemblies (0ms)
				RefreshPlugins (0ms)
				BeforeProcessingInitializeOnLoad (48ms)
				ProcessInitializeOnLoadAttributes (188ms)
				ProcessInitializeOnLoadMethodAttributes (8ms)
				AfterProcessingInitializeOnLoad (6ms)
				EditorAssembliesLoaded (0ms)
			ExecutionOrderSort2 (0ms)
			AwakeInstancesAfterBackupRestoration (5ms)
Platform modules already initialized, skipping
========================================================================
Worker process is ready to serve import requests
Launched and connected shader compiler UnityShaderCompiler.exe after 0.06 seconds
Refreshing native plugins compatible for Editor in 0.29 ms, found 2 plugins.
Preloading 0 native plugins for Editor in 0.00 ms.
Unloading 1495 Unused Serialized files (Serialized files now loaded: 0)
System memory in use before: 67.2 MB.
System memory in use after: 67.3 MB.

Unloading 19 unused Assets to reduce memory usage. Loaded Objects now: 1927.
Total: 2.396000 ms (FindLiveObjects: 0.143000 ms CreateObjectMapping: 0.044900 ms MarkObjects: 2.158700 ms  DeleteObjects: 0.048600 ms)

AssetImportParameters requested are different than current active one (requested -> active):
  custom:framework-win-MediaFoundation: 216162199b28c13a410421893ffa2e32 -> 
  custom:video-decoder-ogg-theora: a1e56fd34408186e4bbccfd4996cb3dc -> 
  custom:container-muxer-webm: aa71ff27fc2769a1b78a27578f13a17b -> 
  custom:container-demuxer-webm: 4f35f7cbe854078d1ac9338744f61a02 -> 
  custom:container-demuxer-ogg: 62fdf1f143b41e24485cea50d1cbac27 -> 
  custom:video-encoder-webm-vp8: eb34c28f22e8b96e1ab97ce403110664 -> 
  custom:video-codec-MediaFoundation-h265: 746d11721c4dcdbdad8f713fa42b33f4 -> 
  custom:video-decoder-webm-vp8: 9c59270c3fd7afecdb556c50c9e8de78 -> 
  custom:audio-decoder-ogg-vorbis: bf7c407c2cedff20999df2af8eb42d56 -> 
  custom:audio-encoder-webm-vorbis: bf7c407c2cedff20999df2af8eb42d56 -> 
========================================================================
Received Import Request.
  path: Assets/Wood.mat
  artifactKey: Guid(746569cd4a426974981ae82ed3f2d1fc) Importer(815301076,1909f56bfc062723c751e8b465ee728b)
Start importing Assets/Wood.mat using Guid(746569cd4a426974981ae82ed3f2d1fc) Importer(815301076,1909f56bfc062723c751e8b465ee728b)  -> (artifact id: 'b7e22d02ae6d5d5bc72b6e455bdc5ac7') in 0.328234 seconds 
  Import took 0.330315 seconds .

========================================================================
Received Import Request.
  Time since last request: 0.000176 seconds.
  path: Assets/wood_table_001_nor_gl_2k.jpg
  artifactKey: Guid(7ffbdd1c33d76cb4b88759f4d6dd2ff9) Importer(815301076,1909f56bfc062723c751e8b465ee728b)
Start importing Assets/wood_table_001_nor_gl_2k.jpg using Guid(7ffbdd1c33d76cb4b88759f4d6dd2ff9) Importer(815301076,1909f56bfc062723c751e8b465ee728b)  -> (artifact id: '0ef38a602f2b42d68f387038d8086b19') in 0.027844 seconds 
  Import took 0.029847 seconds .

========================================================================
Received Import Request.
  Time since last request: 0.000133 seconds.
  path: Assets/Guitar_wood_2.png
  artifactKey: Guid(035055bf506ba544498f226ad0abcfdc) Importer(815301076,1909f56bfc062723c751e8b465ee728b)
Start importing Assets/Guitar_wood_2.png using Guid(035055bf506ba544498f226ad0abcfdc) Importer(815301076,1909f56bfc062723c751e8b465ee728b)  -> (artifact id: 'b15c62ad8849dc15b63d0d74e88382a3') in 0.013985 seconds 
  Import took 0.016303 seconds .

========================================================================
Received Import Request.
  Time since last request: 0.000174 seconds.
  path: Assets/wood_table_001_diff_2k 1.jpg
  artifactKey: Guid(dfe526daadb720140b4423ee67590b71) Importer(815301076,1909f56bfc062723c751e8b465ee728b)
Start importing Assets/wood_table_001_diff_2k 1.jpg using Guid(dfe526daadb720140b4423ee67590b71) Importer(815301076,1909f56bfc062723c751e8b465ee728b)  -> (artifact id: '5bf6bd5e07d5e379c668f5aa4bc3025a') in 0.013818 seconds 
  Import took 0.016237 seconds .

========================================================================
Received Import Request.
  Time since last request: 0.000158 seconds.
  path: Assets/guitar.mat
  artifactKey: Guid(3daf2721778df934aaeb24030460de03) Importer(815301076,1909f56bfc062723c751e8b465ee728b)
Start importing Assets/guitar.mat using Guid(3daf2721778df934aaeb24030460de03) Importer(815301076,1909f56bfc062723c751e8b465ee728b)  -> (artifact id: 'fc95a20ea51387bb2e8a3ddef7fdb8fa') in 0.194309 seconds 
  Import took 0.196899 seconds .

========================================================================
Received Import Request.
  Time since last request: 0.000131 seconds.
  path: Assets/myntra.png
  artifactKey: Guid(95efd093fbc4fac408c853b133cbd561) Importer(815301076,1909f56bfc062723c751e8b465ee728b)
Start importing Assets/myntra.png using Guid(95efd093fbc4fac408c853b133cbd561) Importer(815301076,1909f56bfc062723c751e8b465ee728b)  -> (artifact id: '3914b53fa8f51f0ab2f8f8df40eda821') in 0.009782 seconds 
  Import took 0.012045 seconds .

========================================================================
Received Import Request.
  Time since last request: 0.000144 seconds.
  path: Assets/Guitar_3.fbx.fbx
  artifactKey: Guid(9f884d4d35ef3f84b9bc23ce460cd896) Importer(815301076,1909f56bfc062723c751e8b465ee728b)
Start importing Assets/Guitar_3.fbx.fbx using Guid(9f884d4d35ef3f84b9bc23ce460cd896) Importer(815301076,1909f56bfc062723c751e8b465ee728b)  -> (artifact id: '9a28103c6427a6a48ac9a321e2f3bf71') in 0.178870 seconds 
  Import took 0.181900 seconds .

========================================================================
Received Import Request.
  Time since last request: 0.000229 seconds.
  path: Assets/wood_table_001_diff_2k.jpg
  artifactKey: Guid(e720b8e4ba1763146ac3ad5d8bea54c8) Importer(815301076,1909f56bfc062723c751e8b465ee728b)
Start importing Assets/wood_table_001_diff_2k.jpg using Guid(e720b8e4ba1763146ac3ad5d8bea54c8) Importer(815301076,1909f56bfc062723c751e8b465ee728b)  -> (artifact id: 'd0920a06e6a73fb92f5637a1adc2332f') in 0.014127 seconds 
  Import took 0.016914 seconds .

========================================================================
Received Import Request.
  Time since last request: 0.000448 seconds.
  path: Assets/guitar back.mat
  artifactKey: Guid(e67eaf3918800394f8fb065cee74a9c5) Importer(815301076,1909f56bfc062723c751e8b465ee728b)
Start importing Assets/guitar back.mat using Guid(e67eaf3918800394f8fb065cee74a9c5) Importer(815301076,1909f56bfc062723c751e8b465ee728b)  -> (artifact id: 'ad6ab15ed9c5f4e75dd4f6e302f66da6') in 0.017445 seconds 
  Import took 0.020221 seconds .

========================================================================
Received Import Request.
  Time since last request: 0.000145 seconds.
  path: Assets/white.mat
  artifactKey: Guid(fa664ae33b7b4e04da4cf073cb5ac825) Importer(815301076,1909f56bfc062723c751e8b465ee728b)
Start importing Assets/white.mat using Guid(fa664ae33b7b4e04da4cf073cb5ac825) Importer(815301076,1909f56bfc062723c751e8b465ee728b)  -> (artifact id: 'f4ed27255c42c02be987603a05dd1d0f') in 0.014571 seconds 
  Import took 0.019327 seconds .

========================================================================
Received Import Request.
  Time since last request: 0.000230 seconds.
  path: Assets/wood_table_001_rough_2k.jpg
  artifactKey: Guid(53f61b08de559614eb823f43167bec1f) Importer(815301076,1909f56bfc062723c751e8b465ee728b)
Start importing Assets/wood_table_001_rough_2k.jpg using Guid(53f61b08de559614eb823f43167bec1f) Importer(815301076,1909f56bfc062723c751e8b465ee728b)  -> (artifact id: '6c3cf70d72ad7cf87034e74c1a02e70f') in 0.019713 seconds 
  Import took 0.022926 seconds .

========================================================================
Received Import Request.
  Time since last request: 0.000127 seconds.
  path: Assets/Untitled.dae
  artifactKey: Guid(1c89375a7aedef049894d84d973bf465) Importer(815301076,1909f56bfc062723c751e8b465ee728b)
Start importing Assets/Untitled.dae using Guid(1c89375a7aedef049894d84d973bf465) Importer(815301076,1909f56bfc062723c751e8b465ee728b)  -> (artifact id: 'fa9270b28bcb95f02c107def410f1ba1') in 0.440254 seconds 
  Import took 0.442875 seconds .

========================================================================
Received Import Request.
  Time since last request: 0.000190 seconds.
  path: Assets/gift2.mat
  artifactKey: Guid(a8e35dcf9eabbd042ad16c91c344a348) Importer(815301076,1909f56bfc062723c751e8b465ee728b)
Start importing Assets/gift2.mat using Guid(a8e35dcf9eabbd042ad16c91c344a348) Importer(815301076,1909f56bfc062723c751e8b465ee728b)  -> (artifact id: '6f27f8648ba95634c836242028620487') in 0.015766 seconds 
  Import took 0.018368 seconds .

========================================================================
Received Import Request.
  Time since last request: 0.000195 seconds.
  path: Assets/div.dae
  artifactKey: Guid(69ee4ec8bbacf974cbe8589937f3e5e3) Importer(815301076,1909f56bfc062723c751e8b465ee728b)
Start importing Assets/div.dae using Guid(69ee4ec8bbacf974cbe8589937f3e5e3) Importer(815301076,1909f56bfc062723c751e8b465ee728b)  -> (artifact id: '3597330208771b3a56697f6c17eec283') in 8.360776 seconds 
  Import took 8.397158 seconds .

========================================================================
Received Import Request.
  Time since last request: 0.000189 seconds.
  path: Assets/giftbox.mat
  artifactKey: Guid(3d1665cea8532b94fac05f7b281b59db) Importer(815301076,1909f56bfc062723c751e8b465ee728b)
Start importing Assets/giftbox.mat using Guid(3d1665cea8532b94fac05f7b281b59db) Importer(815301076,1909f56bfc062723c751e8b465ee728b)  -> (artifact id: '50011e410492f5af38dc4acc0d2cd29d') in 0.024036 seconds 
  Import took 0.026833 seconds .

========================================================================
Received Import Request.
  Time since last request: 0.000363 seconds.
  path: Assets/Guitar_wood_1.png
  artifactKey: Guid(c9a3fc016e2245240bcd7a8c375f17d2) Importer(815301076,1909f56bfc062723c751e8b465ee728b)
Start importing Assets/Guitar_wood_1.png using Guid(c9a3fc016e2245240bcd7a8c375f17d2) Importer(815301076,1909f56bfc062723c751e8b465ee728b)  -> (artifact id: '3ec74fc34f7a035ef7e22f2f9c00632c') in 0.015160 seconds 
  Import took 0.017964 seconds .

========================================================================
Received Import Request.
  Time since last request: 0.000155 seconds.
  path: Assets/pink.mat
  artifactKey: Guid(ebf3cf56914dffa4196f5f4943be13a9) Importer(815301076,1909f56bfc062723c751e8b465ee728b)
Start importing Assets/pink.mat using Guid(ebf3cf56914dffa4196f5f4943be13a9) Importer(815301076,1909f56bfc062723c751e8b465ee728b)  -> (artifact id: '0e3f4a321da868b7815a59992a7695cf') in 0.025401 seconds 
  Import took 0.028057 seconds .

========================================================================
Received Import Request.
  Time since last request: 0.394352 seconds.
  path: Assets/Scenes
  artifactKey: Guid(8d4cb8514e5dcf8439e1958142c4668c) Importer(815301076,1909f56bfc062723c751e8b465ee728b)
Start importing Assets/Scenes using Guid(8d4cb8514e5dcf8439e1958142c4668c) Importer(815301076,1909f56bfc062723c751e8b465ee728b)  -> (artifact id: '8347aae815ca15be885a60de453a2655') in 0.005318 seconds 
  Import took 0.007806 seconds .

========================================================================
Received Import Request.
  Time since last request: 2.023265 seconds.
  path: Assets/ROOM SCENE.unity
  artifactKey: Guid(8aeb43217ed455a4a9c3aa7e4034efa1) Importer(815301076,1909f56bfc062723c751e8b465ee728b)
Start importing Assets/ROOM SCENE.unity using Guid(8aeb43217ed455a4a9c3aa7e4034efa1) Importer(815301076,1909f56bfc062723c751e8b465ee728b)  -> (artifact id: '692e5c6363bdba3310c957b9cc2061a2') in 0.011281 seconds 
  Import took 0.014152 seconds .

AssetImportWorkerClient::OnTransportError - code=2 error=End of file
