Using pre-set license
Built from '2020.3/staging' branch; Version is '2020.3.21f1 (a38c86f6690f) revision 10718342'; Using compiler version '192528614'; Build Type 'Release'
OS: 'Windows 10 Home Single Language; OS build 19043.1288; Version 2009; 64bit' Language: 'en' Physical Memory: 16155 MB
BatchMode: 1, IsHumanControllingUs: 0, StartBugReporterOnCrash: 0, Is64bit: 1, IsPro: 0

COMMAND LINE ARGUMENTS:
C:\Program Files\Unity\Hub\Editor\2020.3.21f1\Editor\Unity.exe
-adb2
-batchMode
-noUpm
-name
AssetImportWorker0
-projectPath
D:/MYNTRA-20211107T114208Z-001/My Noodling Space
-logFile
Logs/AssetImportWorker0.log
-srvPort
65141
Successfully changed project path to: D:/MYNTRA-20211107T114208Z-001/My Noodling Space
D:/MYNTRA-20211107T114208Z-001/My Noodling Space
Using Asset Import Pipeline V2.
Refreshing native plugins compatible for Editor in 36.84 ms, found 2 plugins.
Preloading 0 native plugins for Editor in 0.00 ms.
Initialize engine version: 2020.3.21f1 (a38c86f6690f)
[Subsystems] Discovering subsystems at path C:/Program Files/Unity/Hub/Editor/2020.3.21f1/Editor/Data/Resources/UnitySubsystems
[Subsystems] Discovering subsystems at path D:/MYNTRA-20211107T114208Z-001/My Noodling Space/Assets
GfxDevice: creating device client; threaded=0
Direct3D:
    Version:  Direct3D 11.0 [level 11.1]
    Renderer: NVIDIA GeForce GTX 1650 Ti (ID=0x1f95)
    Vendor:   
    VRAM:     3962 MB
    Driver:   30.0.14.7196
Initialize mono
Mono path[0] = 'C:/Program Files/Unity/Hub/Editor/2020.3.21f1/Editor/Data/Managed'
Mono path[1] = 'C:/Program Files/Unity/Hub/Editor/2020.3.21f1/Editor/Data/MonoBleedingEdge/lib/mono/unityjit'
Mono config path = 'C:/Program Files/Unity/Hub/Editor/2020.3.21f1/Editor/Data/MonoBleedingEdge/etc'
Using monoOptions --debugger-agent=transport=dt_socket,embedding=1,server=y,suspend=n,address=127.0.0.1:56876
Begin MonoManager ReloadAssembly
Registering precompiled unity dll's ...
Register platform support module: C:/Program Files/Unity/Hub/Editor/2020.3.21f1/Editor/Data/PlaybackEngines/WindowsStandaloneSupport/UnityEditor.WindowsStandalone.Extensions.dll
Registered in 0.001633 seconds.
Native extension for WindowsStandalone target not found
Refreshing native plugins compatible for Editor in 28.19 ms, found 2 plugins.
Preloading 0 native plugins for Editor in 0.00 ms.
Mono: successfully reloaded assembly
- Completed reload, in  0.924 seconds
Domain Reload Profiling:
	ReloadAssembly (924ms)
		BeginReloadAssembly (48ms)
			ExecutionOrderSort (0ms)
			DisableScriptedObjects (0ms)
			BackupInstance (0ms)
			ReleaseScriptingObjects (0ms)
			CreateAndSetChildDomain (1ms)
		EndReloadAssembly (382ms)
			LoadAssemblies (46ms)
			RebuildTransferFunctionScriptingTraits (0ms)
			SetupTypeCache (134ms)
			ReleaseScriptCaches (0ms)
			RebuildScriptCaches (26ms)
			SetupLoadedEditorAssemblies (135ms)
				LogAssemblyErrors (0ms)
				InitializePlatformSupportModulesInManaged (3ms)
				SetLoadedEditorAssemblies (0ms)
				RefreshPlugins (28ms)
				BeforeProcessingInitializeOnLoad (7ms)
				ProcessInitializeOnLoadAttributes (70ms)
				ProcessInitializeOnLoadMethodAttributes (27ms)
				AfterProcessingInitializeOnLoad (0ms)
				EditorAssembliesLoaded (0ms)
			ExecutionOrderSort2 (0ms)
			AwakeInstancesAfterBackupRestoration (0ms)
Platform modules already initialized, skipping
Registering precompiled user dll's ...
Registered in 0.002216 seconds.
Begin MonoManager ReloadAssembly
Native extension for WindowsStandalone target not found
Refreshing native plugins compatible for Editor in 0.32 ms, found 2 plugins.
Preloading 0 native plugins for Editor in 0.00 ms.
Mono: successfully reloaded assembly
- Completed reload, in  0.871 seconds
Domain Reload Profiling:
	ReloadAssembly (872ms)
		BeginReloadAssembly (126ms)
			ExecutionOrderSort (0ms)
			DisableScriptedObjects (4ms)
			BackupInstance (0ms)
			ReleaseScriptingObjects (0ms)
			CreateAndSetChildDomain (16ms)
		EndReloadAssembly (690ms)
			LoadAssemblies (72ms)
			RebuildTransferFunctionScriptingTraits (0ms)
			SetupTypeCache (249ms)
			ReleaseScriptCaches (0ms)
			RebuildScriptCaches (37ms)
			SetupLoadedEditorAssemblies (249ms)
				LogAssemblyErrors (0ms)
				InitializePlatformSupportModulesInManaged (4ms)
				SetLoadedEditorAssemblies (0ms)
				RefreshPlugins (0ms)
				BeforeProcessingInitializeOnLoad (48ms)
				ProcessInitializeOnLoadAttributes (182ms)
				ProcessInitializeOnLoadMethodAttributes (8ms)
				AfterProcessingInitializeOnLoad (6ms)
				EditorAssembliesLoaded (0ms)
			ExecutionOrderSort2 (0ms)
			AwakeInstancesAfterBackupRestoration (6ms)
Platform modules already initialized, skipping
========================================================================
Worker process is ready to serve import requests
Launched and connected shader compiler UnityShaderCompiler.exe after 0.06 seconds
Refreshing native plugins compatible for Editor in 0.34 ms, found 2 plugins.
Preloading 0 native plugins for Editor in 0.00 ms.
Unloading 1495 Unused Serialized files (Serialized files now loaded: 0)
System memory in use before: 67.3 MB.
System memory in use after: 67.4 MB.

Unloading 19 unused Assets to reduce memory usage. Loaded Objects now: 1927.
Total: 2.566100 ms (FindLiveObjects: 0.141500 ms CreateObjectMapping: 0.043900 ms MarkObjects: 2.274000 ms  DeleteObjects: 0.105900 ms)

AssetImportParameters requested are different than current active one (requested -> active):
  custom:framework-win-MediaFoundation: 216162199b28c13a410421893ffa2e32 -> 
  custom:video-decoder-ogg-theora: a1e56fd34408186e4bbccfd4996cb3dc -> 
  custom:container-muxer-webm: aa71ff27fc2769a1b78a27578f13a17b -> 
  custom:container-demuxer-webm: 4f35f7cbe854078d1ac9338744f61a02 -> 
  custom:container-demuxer-ogg: 62fdf1f143b41e24485cea50d1cbac27 -> 
  custom:video-encoder-webm-vp8: eb34c28f22e8b96e1ab97ce403110664 -> 
  custom:video-codec-MediaFoundation-h265: 746d11721c4dcdbdad8f713fa42b33f4 -> 
  custom:video-decoder-webm-vp8: 9c59270c3fd7afecdb556c50c9e8de78 -> 
  custom:audio-decoder-ogg-vorbis: bf7c407c2cedff20999df2af8eb42d56 -> 
  custom:audio-encoder-webm-vorbis: bf7c407c2cedff20999df2af8eb42d56 -> 
========================================================================
Received Import Request.
  path: Assets/Wood.mat
  artifactKey: Guid(746569cd4a426974981ae82ed3f2d1fc) Importer(815301076,1909f56bfc062723c751e8b465ee728b)
Start importing Assets/Wood.mat using Guid(746569cd4a426974981ae82ed3f2d1fc) Importer(815301076,1909f56bfc062723c751e8b465ee728b)  -> (artifact id: 'b7e22d02ae6d5d5bc72b6e455bdc5ac7') in 0.202425 seconds 
  Import took 0.204692 seconds .

========================================================================
Received Import Request.
  Time since last request: 0.000129 seconds.
  path: Assets/wood_table_001_nor_gl_2k.jpg
  artifactKey: Guid(7ffbdd1c33d76cb4b88759f4d6dd2ff9) Importer(815301076,1909f56bfc062723c751e8b465ee728b)
Start importing Assets/wood_table_001_nor_gl_2k.jpg using Guid(7ffbdd1c33d76cb4b88759f4d6dd2ff9) Importer(815301076,1909f56bfc062723c751e8b465ee728b)  -> (artifact id: '0ef38a602f2b42d68f387038d8086b19') in 0.029734 seconds 
  Import took 0.031931 seconds .

========================================================================
Received Import Request.
  Time since last request: 0.000146 seconds.
  path: Assets/Guitar_wood_2.png
  artifactKey: Guid(035055bf506ba544498f226ad0abcfdc) Importer(815301076,1909f56bfc062723c751e8b465ee728b)
Start importing Assets/Guitar_wood_2.png using Guid(035055bf506ba544498f226ad0abcfdc) Importer(815301076,1909f56bfc062723c751e8b465ee728b)  -> (artifact id: 'b15c62ad8849dc15b63d0d74e88382a3') in 0.012851 seconds 
  Import took 0.015103 seconds .

========================================================================
Received Import Request.
  Time since last request: 0.000135 seconds.
  path: Assets/wood_table_001_diff_2k 1.jpg
  artifactKey: Guid(dfe526daadb720140b4423ee67590b71) Importer(815301076,1909f56bfc062723c751e8b465ee728b)
Start importing Assets/wood_table_001_diff_2k 1.jpg using Guid(dfe526daadb720140b4423ee67590b71) Importer(815301076,1909f56bfc062723c751e8b465ee728b)  -> (artifact id: '5bf6bd5e07d5e379c668f5aa4bc3025a') in 0.011667 seconds 
  Import took 0.016019 seconds .

========================================================================
Received Import Request.
  Time since last request: 0.000243 seconds.
  path: Assets/guitar.mat
  artifactKey: Guid(3daf2721778df934aaeb24030460de03) Importer(815301076,1909f56bfc062723c751e8b465ee728b)
Start importing Assets/guitar.mat using Guid(3daf2721778df934aaeb24030460de03) Importer(815301076,1909f56bfc062723c751e8b465ee728b)  -> (artifact id: 'fc95a20ea51387bb2e8a3ddef7fdb8fa') in 0.103013 seconds 
  Import took 0.105757 seconds .

========================================================================
Received Import Request.
  Time since last request: 0.000232 seconds.
  path: Assets/myntra.png
  artifactKey: Guid(95efd093fbc4fac408c853b133cbd561) Importer(815301076,1909f56bfc062723c751e8b465ee728b)
Start importing Assets/myntra.png using Guid(95efd093fbc4fac408c853b133cbd561) Importer(815301076,1909f56bfc062723c751e8b465ee728b)  -> (artifact id: '3914b53fa8f51f0ab2f8f8df40eda821') in 0.011001 seconds 
  Import took 0.013584 seconds .

========================================================================
Received Import Request.
  Time since last request: 0.000140 seconds.
  path: Assets/Guitar_3.fbx.fbx
  artifactKey: Guid(9f884d4d35ef3f84b9bc23ce460cd896) Importer(815301076,1909f56bfc062723c751e8b465ee728b)
Start importing Assets/Guitar_3.fbx.fbx using Guid(9f884d4d35ef3f84b9bc23ce460cd896) Importer(815301076,1909f56bfc062723c751e8b465ee728b)  -> (artifact id: '3177b43e09552e36e35041550529bce0') in 0.186351 seconds 
  Import took 0.189759 seconds .

========================================================================
Received Import Request.
  Time since last request: 0.000298 seconds.
  path: Assets/wood_table_001_diff_2k.jpg
  artifactKey: Guid(e720b8e4ba1763146ac3ad5d8bea54c8) Importer(815301076,1909f56bfc062723c751e8b465ee728b)
Start importing Assets/wood_table_001_diff_2k.jpg using Guid(e720b8e4ba1763146ac3ad5d8bea54c8) Importer(815301076,1909f56bfc062723c751e8b465ee728b)  -> (artifact id: 'd0920a06e6a73fb92f5637a1adc2332f') in 0.012539 seconds 
  Import took 0.015299 seconds .

========================================================================
Received Import Request.
  Time since last request: 0.000165 seconds.
  path: Assets/guitar back.mat
  artifactKey: Guid(e67eaf3918800394f8fb065cee74a9c5) Importer(815301076,1909f56bfc062723c751e8b465ee728b)
Start importing Assets/guitar back.mat using Guid(e67eaf3918800394f8fb065cee74a9c5) Importer(815301076,1909f56bfc062723c751e8b465ee728b)  -> (artifact id: 'ad6ab15ed9c5f4e75dd4f6e302f66da6') in 0.044674 seconds 
  Import took 0.049911 seconds .

========================================================================
Received Import Request.
  Time since last request: 0.000251 seconds.
  path: Assets/white.mat
  artifactKey: Guid(fa664ae33b7b4e04da4cf073cb5ac825) Importer(815301076,1909f56bfc062723c751e8b465ee728b)
Start importing Assets/white.mat using Guid(fa664ae33b7b4e04da4cf073cb5ac825) Importer(815301076,1909f56bfc062723c751e8b465ee728b)  -> (artifact id: 'f4ed27255c42c02be987603a05dd1d0f') in 0.013059 seconds 
  Import took 0.016253 seconds .

========================================================================
Received Import Request.
  Time since last request: 0.000183 seconds.
  path: Assets/wood_table_001_rough_2k.jpg
  artifactKey: Guid(53f61b08de559614eb823f43167bec1f) Importer(815301076,1909f56bfc062723c751e8b465ee728b)
Start importing Assets/wood_table_001_rough_2k.jpg using Guid(53f61b08de559614eb823f43167bec1f) Importer(815301076,1909f56bfc062723c751e8b465ee728b)  -> (artifact id: '6c3cf70d72ad7cf87034e74c1a02e70f') in 0.032395 seconds 
  Import took 0.035191 seconds .

========================================================================
Received Import Request.
  Time since last request: 0.000235 seconds.
  path: Assets/Untitled.dae
  artifactKey: Guid(1c89375a7aedef049894d84d973bf465) Importer(815301076,1909f56bfc062723c751e8b465ee728b)
Start importing Assets/Untitled.dae using Guid(1c89375a7aedef049894d84d973bf465) Importer(815301076,1909f56bfc062723c751e8b465ee728b)  -> (artifact id: 'fcc67eb6d75d563f76eadb27e91669c5') in 0.256075 seconds 
  Import took 0.258721 seconds .

========================================================================
Received Import Request.
  Time since last request: 0.000137 seconds.
  path: Assets/gift2.mat
  artifactKey: Guid(a8e35dcf9eabbd042ad16c91c344a348) Importer(815301076,1909f56bfc062723c751e8b465ee728b)
Start importing Assets/gift2.mat using Guid(a8e35dcf9eabbd042ad16c91c344a348) Importer(815301076,1909f56bfc062723c751e8b465ee728b)  -> (artifact id: '6f27f8648ba95634c836242028620487') in 0.011752 seconds 
  Import took 0.014835 seconds .

========================================================================
Received Import Request.
  Time since last request: 0.000223 seconds.
  path: Assets/div.dae
  artifactKey: Guid(69ee4ec8bbacf974cbe8589937f3e5e3) Importer(815301076,1909f56bfc062723c751e8b465ee728b)
Start importing Assets/div.dae using Guid(69ee4ec8bbacf974cbe8589937f3e5e3) Importer(815301076,1909f56bfc062723c751e8b465ee728b)  -> (artifact id: 'c99b20bca6480bd571c1d8400f9bf245') in 7.850588 seconds 
  Import took 7.891852 seconds .

========================================================================
Received Import Request.
  Time since last request: 0.000187 seconds.
  path: Assets/giftbox.mat
  artifactKey: Guid(3d1665cea8532b94fac05f7b281b59db) Importer(815301076,1909f56bfc062723c751e8b465ee728b)
Start importing Assets/giftbox.mat using Guid(3d1665cea8532b94fac05f7b281b59db) Importer(815301076,1909f56bfc062723c751e8b465ee728b)  -> (artifact id: '50011e410492f5af38dc4acc0d2cd29d') in 0.027740 seconds 
  Import took 0.030357 seconds .

========================================================================
Received Import Request.
  Time since last request: 0.000207 seconds.
  path: Assets/Guitar_wood_1.png
  artifactKey: Guid(c9a3fc016e2245240bcd7a8c375f17d2) Importer(815301076,1909f56bfc062723c751e8b465ee728b)
Start importing Assets/Guitar_wood_1.png using Guid(c9a3fc016e2245240bcd7a8c375f17d2) Importer(815301076,1909f56bfc062723c751e8b465ee728b)  -> (artifact id: '3ec74fc34f7a035ef7e22f2f9c00632c') in 0.052199 seconds 
  Import took 0.056211 seconds .

========================================================================
Received Import Request.
  Time since last request: 0.000187 seconds.
  path: Assets/pink.mat
  artifactKey: Guid(ebf3cf56914dffa4196f5f4943be13a9) Importer(815301076,1909f56bfc062723c751e8b465ee728b)
Start importing Assets/pink.mat using Guid(ebf3cf56914dffa4196f5f4943be13a9) Importer(815301076,1909f56bfc062723c751e8b465ee728b)  -> (artifact id: '0e3f4a321da868b7815a59992a7695cf') in 0.068327 seconds 
  Import took 0.071103 seconds .

========================================================================
Received Import Request.
  Time since last request: 117.609465 seconds.
  path: Assets/ROOM SCENE.unity
  artifactKey: Guid(8aeb43217ed455a4a9c3aa7e4034efa1) Importer(815301076,1909f56bfc062723c751e8b465ee728b)
Start importing Assets/ROOM SCENE.unity using Guid(8aeb43217ed455a4a9c3aa7e4034efa1) Importer(815301076,1909f56bfc062723c751e8b465ee728b)  -> (artifact id: '692e5c6363bdba3310c957b9cc2061a2') in 0.006117 seconds 
  Import took 0.008461 seconds .

========================================================================
Received Import Request.
  Time since last request: 103.717724 seconds.
  path: Assets/Scenes
  artifactKey: Guid(8d4cb8514e5dcf8439e1958142c4668c) Importer(815301076,1909f56bfc062723c751e8b465ee728b)
Start importing Assets/Scenes using Guid(8d4cb8514e5dcf8439e1958142c4668c) Importer(815301076,1909f56bfc062723c751e8b465ee728b)  -> (artifact id: '8347aae815ca15be885a60de453a2655') in 0.006654 seconds 
  Import took 0.010605 seconds .

========================================================================
Received Import Request.
  Time since last request: 4.035511 seconds.
  path: Assets/Scenes/SampleScene.unity
  artifactKey: Guid(9fc0d4010bbf28b4594072e72b8655ab) Importer(815301076,1909f56bfc062723c751e8b465ee728b)
Start importing Assets/Scenes/SampleScene.unity using Guid(9fc0d4010bbf28b4594072e72b8655ab) Importer(815301076,1909f56bfc062723c751e8b465ee728b)  -> (artifact id: '2a131c3b259e72cb8b0f4cd690b43051') in 0.006929 seconds 
  Import took 0.009609 seconds .

========================================================================
Received Prepare
Refreshing native plugins compatible for Editor in 2.36 ms, found 2 plugins.
Preloading 0 native plugins for Editor in 0.00 ms.
Unloading 12 Unused Serialized files (Serialized files now loaded: 0)
System memory in use before: 51.9 MB.
System memory in use after: 52.0 MB.

Unloading 12 unused Assets to reduce memory usage. Loaded Objects now: 1974.
Total: 3.938300 ms (FindLiveObjects: 0.218300 ms CreateObjectMapping: 0.062800 ms MarkObjects: 3.638400 ms  DeleteObjects: 0.017700 ms)

AssetImportParameters requested are different than current active one (requested -> active):
  custom:framework-win-MediaFoundation: 216162199b28c13a410421893ffa2e32 -> 
  custom:video-decoder-ogg-theora: a1e56fd34408186e4bbccfd4996cb3dc -> 
  custom:container-muxer-webm: aa71ff27fc2769a1b78a27578f13a17b -> 
  custom:container-demuxer-webm: 4f35f7cbe854078d1ac9338744f61a02 -> 
  custom:container-demuxer-ogg: 62fdf1f143b41e24485cea50d1cbac27 -> 
  custom:video-encoder-webm-vp8: eb34c28f22e8b96e1ab97ce403110664 -> 
  custom:video-codec-MediaFoundation-h265: 746d11721c4dcdbdad8f713fa42b33f4 -> 
  custom:video-decoder-webm-vp8: 9c59270c3fd7afecdb556c50c9e8de78 -> 
  custom:audio-decoder-ogg-vorbis: bf7c407c2cedff20999df2af8eb42d56 -> 
  custom:audio-encoder-webm-vorbis: bf7c407c2cedff20999df2af8eb42d56 -> 
AssetImportWorkerClient::OnTransportError - code=2 error=End of file
